{"/Users/matthieuchollet/Projets Perso/TreasureMap/scripts/factories/game.js": {"path":"/Users/matthieuchollet/Projets Perso/TreasureMap/scripts/factories/game.js","statementMap":{"0":{"start":{"line":12,"column":17},"end":{"line":12,"column":27}},"1":{"start":{"line":13,"column":21},"end":{"line":13,"column":38}},"2":{"start":{"line":15,"column":35},"end":{"line":17,"column":5}},"3":{"start":{"line":16,"column":19},"end":{"line":16,"column":43}},"4":{"start":{"line":19,"column":4},"end":{"line":39,"column":7}},"5":{"start":{"line":20,"column":19},"end":{"line":20,"column":39}},"6":{"start":{"line":21,"column":36},"end":{"line":21,"column":40}},"7":{"start":{"line":23,"column":6},"end":{"line":38,"column":7}},"8":{"start":{"line":25,"column":10},"end":{"line":25,"column":31}},"9":{"start":{"line":26,"column":10},"end":{"line":26,"column":16}},"10":{"start":{"line":28,"column":10},"end":{"line":28,"column":35}},"11":{"start":{"line":29,"column":10},"end":{"line":29,"column":16}},"12":{"start":{"line":31,"column":10},"end":{"line":31,"column":36}},"13":{"start":{"line":32,"column":10},"end":{"line":32,"column":16}},"14":{"start":{"line":34,"column":10},"end":{"line":34,"column":33}},"15":{"start":{"line":35,"column":10},"end":{"line":35,"column":16}},"16":{"start":{"line":37,"column":10},"end":{"line":37,"column":45}},"17":{"start":{"line":40,"column":4},"end":{"line":40,"column":16}}},"fnMap":{"0":{"name":"(anonymous_0)","decl":{"start":{"line":11,"column":2},"end":{"line":11,"column":3}},"loc":{"start":{"line":11,"column":23},"end":{"line":41,"column":3}},"line":11},"1":{"name":"(anonymous_1)","decl":{"start":{"line":16,"column":6},"end":{"line":16,"column":7}},"loc":{"start":{"line":16,"column":19},"end":{"line":16,"column":43}},"line":16},"2":{"name":"(anonymous_2)","decl":{"start":{"line":19,"column":35},"end":{"line":19,"column":36}},"loc":{"start":{"line":19,"column":48},"end":{"line":39,"column":5}},"line":19}},"branchMap":{"0":{"loc":{"start":{"line":23,"column":6},"end":{"line":38,"column":7}},"type":"switch","locations":[{"start":{"line":24,"column":8},"end":{"line":26,"column":16}},{"start":{"line":27,"column":8},"end":{"line":29,"column":16}},{"start":{"line":30,"column":8},"end":{"line":32,"column":16}},{"start":{"line":33,"column":8},"end":{"line":35,"column":16}},{"start":{"line":36,"column":8},"end":{"line":37,"column":45}}],"line":23}},"s":{"0":4,"1":4,"2":4,"3":27,"4":4,"5":19,"6":19,"7":19,"8":3,"9":3,"10":6,"11":6,"12":6,"13":6,"14":3,"15":3,"16":1,"17":3},"f":{"0":4,"1":27,"2":19},"b":{"0":[3,6,6,3,1]},"_coverageSchema":"1a1c01bbd47fc00a2c39e90264f33305004495a9","hash":"89cdea42844e3223ff8744c11c10bba529a7017b"}
,"/Users/matthieuchollet/Projets Perso/TreasureMap/scripts/models/card.js": {"path":"/Users/matthieuchollet/Projets Perso/TreasureMap/scripts/models/card.js","statementMap":{"0":{"start":{"line":13,"column":4},"end":{"line":13,"column":23}},"1":{"start":{"line":14,"column":4},"end":{"line":14,"column":25}},"2":{"start":{"line":15,"column":4},"end":{"line":15,"column":20}},"3":{"start":{"line":17,"column":4},"end":{"line":22,"column":5}},"4":{"start":{"line":17,"column":17},"end":{"line":17,"column":18}},"5":{"start":{"line":18,"column":6},"end":{"line":18,"column":26}},"6":{"start":{"line":19,"column":6},"end":{"line":21,"column":7}},"7":{"start":{"line":19,"column":19},"end":{"line":19,"column":20}},"8":{"start":{"line":20,"column":8},"end":{"line":20,"column":39}},"9":{"start":{"line":32,"column":4},"end":{"line":34,"column":5}},"10":{"start":{"line":33,"column":6},"end":{"line":33,"column":41}},"11":{"start":{"line":35,"column":4},"end":{"line":35,"column":28}},"12":{"start":{"line":45,"column":4},"end":{"line":45,"column":49}},"13":{"start":{"line":54,"column":4},"end":{"line":54,"column":42}},"14":{"start":{"line":64,"column":4},"end":{"line":68,"column":6}},"15":{"start":{"line":76,"column":4},"end":{"line":76,"column":50}}},"fnMap":{"0":{"name":"(anonymous_0)","decl":{"start":{"line":12,"column":2},"end":{"line":12,"column":3}},"loc":{"start":{"line":12,"column":29},"end":{"line":23,"column":3}},"line":12},"1":{"name":"(anonymous_1)","decl":{"start":{"line":31,"column":2},"end":{"line":31,"column":3}},"loc":{"start":{"line":31,"column":16},"end":{"line":36,"column":3}},"line":31},"2":{"name":"(anonymous_2)","decl":{"start":{"line":44,"column":2},"end":{"line":44,"column":3}},"loc":{"start":{"line":44,"column":18},"end":{"line":46,"column":3}},"line":44},"3":{"name":"(anonymous_3)","decl":{"start":{"line":53,"column":2},"end":{"line":53,"column":3}},"loc":{"start":{"line":53,"column":24},"end":{"line":55,"column":3}},"line":53},"4":{"name":"(anonymous_4)","decl":{"start":{"line":63,"column":2},"end":{"line":63,"column":3}},"loc":{"start":{"line":63,"column":28},"end":{"line":69,"column":3}},"line":63},"5":{"name":"(anonymous_5)","decl":{"start":{"line":75,"column":2},"end":{"line":75,"column":3}},"loc":{"start":{"line":75,"column":10},"end":{"line":77,"column":3}},"line":75}},"branchMap":{"0":{"loc":{"start":{"line":32,"column":4},"end":{"line":34,"column":5}},"type":"if","locations":[{"start":{"line":32,"column":4},"end":{"line":34,"column":5}},{"start":{},"end":{}}],"line":32},"1":{"loc":{"start":{"line":45,"column":11},"end":{"line":45,"column":48}},"type":"binary-expr","locations":[{"start":{"line":45,"column":11},"end":{"line":45,"column":26}},{"start":{"line":45,"column":30},"end":{"line":45,"column":48}}],"line":45},"2":{"loc":{"start":{"line":65,"column":6},"end":{"line":67,"column":39}},"type":"binary-expr","locations":[{"start":{"line":65,"column":6},"end":{"line":65,"column":26}},{"start":{"line":66,"column":6},"end":{"line":66,"column":37}},{"start":{"line":67,"column":6},"end":{"line":67,"column":39}}],"line":65}},"s":{"0":12,"1":12,"2":12,"3":12,"4":12,"5":49,"6":49,"7":49,"8":227,"9":87,"10":1,"11":86,"12":145,"13":25,"14":25,"15":3},"f":{"0":12,"1":87,"2":145,"3":25,"4":25,"5":3},"b":{"0":[1,86],"1":[145,137],"2":[25,19,19]},"_coverageSchema":"1a1c01bbd47fc00a2c39e90264f33305004495a9","hash":"bf734632c3f215b7cd58d24a1667218efb9ab7e2"}
,"/Users/matthieuchollet/Projets Perso/TreasureMap/scripts/models/case.js": {"path":"/Users/matthieuchollet/Projets Perso/TreasureMap/scripts/models/case.js","statementMap":{"0":{"start":{"line":12,"column":4},"end":{"line":12,"column":30}},"1":{"start":{"line":13,"column":4},"end":{"line":13,"column":30}},"2":{"start":{"line":14,"column":4},"end":{"line":14,"column":28}},"3":{"start":{"line":22,"column":4},"end":{"line":24,"column":5}},"4":{"start":{"line":23,"column":6},"end":{"line":23,"column":56}},"5":{"start":{"line":26,"column":4},"end":{"line":26,"column":29}},"6":{"start":{"line":34,"column":4},"end":{"line":36,"column":5}},"7":{"start":{"line":35,"column":6},"end":{"line":35,"column":54}},"8":{"start":{"line":38,"column":4},"end":{"line":40,"column":5}},"9":{"start":{"line":39,"column":6},"end":{"line":39,"column":58}},"10":{"start":{"line":42,"column":4},"end":{"line":42,"column":25}},"11":{"start":{"line":44,"column":4},"end":{"line":47,"column":5}},"12":{"start":{"line":45,"column":6},"end":{"line":45,"column":40}},"13":{"start":{"line":46,"column":6},"end":{"line":46,"column":34}},"14":{"start":{"line":54,"column":4},"end":{"line":54,"column":28}},"15":{"start":{"line":62,"column":4},"end":{"line":64,"column":5}},"16":{"start":{"line":63,"column":6},"end":{"line":63,"column":60}},"17":{"start":{"line":65,"column":4},"end":{"line":67,"column":5}},"18":{"start":{"line":66,"column":6},"end":{"line":66,"column":54}},"19":{"start":{"line":68,"column":4},"end":{"line":68,"column":29}},"20":{"start":{"line":76,"column":4},"end":{"line":76,"column":23}},"21":{"start":{"line":84,"column":4},"end":{"line":84,"column":25}}},"fnMap":{"0":{"name":"(anonymous_0)","decl":{"start":{"line":11,"column":2},"end":{"line":11,"column":3}},"loc":{"start":{"line":11,"column":16},"end":{"line":15,"column":3}},"line":11},"1":{"name":"(anonymous_1)","decl":{"start":{"line":21,"column":2},"end":{"line":21,"column":3}},"loc":{"start":{"line":21,"column":24},"end":{"line":27,"column":3}},"line":21},"2":{"name":"(anonymous_2)","decl":{"start":{"line":33,"column":2},"end":{"line":33,"column":3}},"loc":{"start":{"line":33,"column":20},"end":{"line":48,"column":3}},"line":33},"3":{"name":"(anonymous_3)","decl":{"start":{"line":53,"column":2},"end":{"line":53,"column":3}},"loc":{"start":{"line":53,"column":17},"end":{"line":55,"column":3}},"line":53},"4":{"name":"(anonymous_4)","decl":{"start":{"line":61,"column":2},"end":{"line":61,"column":3}},"loc":{"start":{"line":61,"column":24},"end":{"line":69,"column":3}},"line":61},"5":{"name":"(anonymous_5)","decl":{"start":{"line":75,"column":2},"end":{"line":75,"column":3}},"loc":{"start":{"line":75,"column":14},"end":{"line":77,"column":3}},"line":75},"6":{"name":"(anonymous_6)","decl":{"start":{"line":83,"column":2},"end":{"line":83,"column":3}},"loc":{"start":{"line":83,"column":16},"end":{"line":85,"column":3}},"line":83}},"branchMap":{"0":{"loc":{"start":{"line":22,"column":4},"end":{"line":24,"column":5}},"type":"if","locations":[{"start":{"line":22,"column":4},"end":{"line":24,"column":5}},{"start":{},"end":{}}],"line":22},"1":{"loc":{"start":{"line":34,"column":4},"end":{"line":36,"column":5}},"type":"if","locations":[{"start":{"line":34,"column":4},"end":{"line":36,"column":5}},{"start":{},"end":{}}],"line":34},"2":{"loc":{"start":{"line":38,"column":4},"end":{"line":40,"column":5}},"type":"if","locations":[{"start":{"line":38,"column":4},"end":{"line":40,"column":5}},{"start":{},"end":{}}],"line":38},"3":{"loc":{"start":{"line":44,"column":4},"end":{"line":47,"column":5}},"type":"if","locations":[{"start":{"line":44,"column":4},"end":{"line":47,"column":5}},{"start":{},"end":{}}],"line":44},"4":{"loc":{"start":{"line":62,"column":4},"end":{"line":64,"column":5}},"type":"if","locations":[{"start":{"line":62,"column":4},"end":{"line":64,"column":5}},{"start":{},"end":{}}],"line":62},"5":{"loc":{"start":{"line":65,"column":4},"end":{"line":67,"column":5}},"type":"if","locations":[{"start":{"line":65,"column":4},"end":{"line":67,"column":5}},{"start":{},"end":{}}],"line":65}},"s":{"0":227,"1":227,"2":227,"3":9,"4":1,"5":8,"6":29,"7":1,"8":28,"9":1,"10":27,"11":27,"12":6,"13":6,"14":18,"15":10,"16":1,"17":9,"18":1,"19":8,"20":19,"21":29},"f":{"0":227,"1":9,"2":29,"3":18,"4":10,"5":19,"6":29},"b":{"0":[1,8],"1":[1,28],"2":[1,27],"3":[6,21],"4":[1,9],"5":[1,8]},"_coverageSchema":"1a1c01bbd47fc00a2c39e90264f33305004495a9","hash":"012e6216a1f1a44b3d1003560f8fa6b881b6a05f"}
,"/Users/matthieuchollet/Projets Perso/TreasureMap/scripts/models/game.js": {"path":"/Users/matthieuchollet/Projets Perso/TreasureMap/scripts/models/game.js","statementMap":{"0":{"start":{"line":14,"column":4},"end":{"line":14,"column":26}},"1":{"start":{"line":15,"column":4},"end":{"line":15,"column":22}},"2":{"start":{"line":16,"column":4},"end":{"line":16,"column":24}},"3":{"start":{"line":17,"column":4},"end":{"line":17,"column":24}},"4":{"start":{"line":21,"column":4},"end":{"line":23,"column":5}},"5":{"start":{"line":22,"column":6},"end":{"line":22,"column":45}},"6":{"start":{"line":25,"column":4},"end":{"line":27,"column":5}},"7":{"start":{"line":26,"column":6},"end":{"line":26,"column":45}},"8":{"start":{"line":29,"column":28},"end":{"line":29,"column":34}},"9":{"start":{"line":31,"column":4},"end":{"line":31,"column":68}},"10":{"start":{"line":35,"column":4},"end":{"line":37,"column":5}},"11":{"start":{"line":36,"column":6},"end":{"line":36,"column":49}},"12":{"start":{"line":39,"column":14},"end":{"line":39,"column":37}},"13":{"start":{"line":40,"column":14},"end":{"line":40,"column":37}},"14":{"start":{"line":42,"column":4},"end":{"line":44,"column":5}},"15":{"start":{"line":43,"column":6},"end":{"line":43,"column":48}},"16":{"start":{"line":46,"column":25},"end":{"line":46,"column":48}},"17":{"start":{"line":47,"column":21},"end":{"line":47,"column":39}},"18":{"start":{"line":49,"column":4},"end":{"line":49,"column":39}},"19":{"start":{"line":50,"column":4},"end":{"line":50,"column":34}},"20":{"start":{"line":54,"column":4},"end":{"line":56,"column":5}},"21":{"start":{"line":55,"column":6},"end":{"line":55,"column":49}},"22":{"start":{"line":58,"column":14},"end":{"line":58,"column":37}},"23":{"start":{"line":59,"column":14},"end":{"line":59,"column":37}},"24":{"start":{"line":61,"column":4},"end":{"line":63,"column":5}},"25":{"start":{"line":62,"column":6},"end":{"line":62,"column":48}},"26":{"start":{"line":65,"column":21},"end":{"line":65,"column":44}},"27":{"start":{"line":66,"column":25},"end":{"line":66,"column":48}},"28":{"start":{"line":67,"column":21},"end":{"line":67,"column":63}},"29":{"start":{"line":69,"column":4},"end":{"line":69,"column":39}},"30":{"start":{"line":70,"column":4},"end":{"line":70,"column":34}},"31":{"start":{"line":74,"column":4},"end":{"line":76,"column":5}},"32":{"start":{"line":75,"column":6},"end":{"line":75,"column":47}},"33":{"start":{"line":78,"column":44},"end":{"line":78,"column":50}},"34":{"start":{"line":79,"column":19},"end":{"line":79,"column":34}},"35":{"start":{"line":80,"column":19},"end":{"line":80,"column":34}},"36":{"start":{"line":82,"column":4},"end":{"line":84,"column":5}},"37":{"start":{"line":83,"column":6},"end":{"line":83,"column":46}},"38":{"start":{"line":86,"column":23},"end":{"line":86,"column":56}},"39":{"start":{"line":87,"column":19},"end":{"line":87,"column":70}},"40":{"start":{"line":89,"column":4},"end":{"line":89,"column":33}},"41":{"start":{"line":90,"column":4},"end":{"line":90,"column":30}},"42":{"start":{"line":94,"column":21},"end":{"line":94,"column":43}},"43":{"start":{"line":95,"column":23},"end":{"line":95,"column":54}},"44":{"start":{"line":97,"column":4},"end":{"line":103,"column":5}},"45":{"start":{"line":98,"column":23},"end":{"line":98,"column":46}},"46":{"start":{"line":100,"column":6},"end":{"line":100,"column":37}},"47":{"start":{"line":101,"column":6},"end":{"line":101,"column":32}},"48":{"start":{"line":102,"column":6},"end":{"line":102,"column":33}},"49":{"start":{"line":104,"column":4},"end":{"line":104,"column":31}},"50":{"start":{"line":105,"column":4},"end":{"line":105,"column":29}},"51":{"start":{"line":109,"column":4},"end":{"line":113,"column":5}},"52":{"start":{"line":110,"column":6},"end":{"line":112,"column":9}},"53":{"start":{"line":111,"column":8},"end":{"line":111,"column":32}},"54":{"start":{"line":117,"column":4},"end":{"line":117,"column":62}},"55":{"start":{"line":117,"column":42},"end":{"line":117,"column":60}},"56":{"start":{"line":121,"column":4},"end":{"line":121,"column":70}},"57":{"start":{"line":121,"column":47},"end":{"line":121,"column":68}},"58":{"start":{"line":125,"column":18},"end":{"line":125,"column":35}},"59":{"start":{"line":127,"column":4},"end":{"line":129,"column":7}},"60":{"start":{"line":128,"column":6},"end":{"line":128,"column":34}},"61":{"start":{"line":131,"column":4},"end":{"line":132,"column":93}},"62":{"start":{"line":134,"column":4},"end":{"line":136,"column":7}},"63":{"start":{"line":135,"column":6},"end":{"line":135,"column":34}},"64":{"start":{"line":138,"column":4},"end":{"line":139,"column":134}},"65":{"start":{"line":141,"column":4},"end":{"line":143,"column":7}},"66":{"start":{"line":142,"column":6},"end":{"line":142,"column":32}},"67":{"start":{"line":145,"column":4},"end":{"line":145,"column":19}}},"fnMap":{"0":{"name":"(anonymous_0)","decl":{"start":{"line":13,"column":2},"end":{"line":13,"column":3}},"loc":{"start":{"line":13,"column":16},"end":{"line":18,"column":3}},"line":13},"1":{"name":"(anonymous_1)","decl":{"start":{"line":20,"column":2},"end":{"line":20,"column":3}},"loc":{"start":{"line":20,"column":18},"end":{"line":32,"column":3}},"line":20},"2":{"name":"(anonymous_2)","decl":{"start":{"line":34,"column":2},"end":{"line":34,"column":3}},"loc":{"start":{"line":34,"column":22},"end":{"line":51,"column":3}},"line":34},"3":{"name":"(anonymous_3)","decl":{"start":{"line":53,"column":2},"end":{"line":53,"column":3}},"loc":{"start":{"line":53,"column":23},"end":{"line":71,"column":3}},"line":53},"4":{"name":"(anonymous_4)","decl":{"start":{"line":73,"column":2},"end":{"line":73,"column":3}},"loc":{"start":{"line":73,"column":20},"end":{"line":91,"column":3}},"line":73},"5":{"name":"(anonymous_5)","decl":{"start":{"line":93,"column":2},"end":{"line":93,"column":3}},"loc":{"start":{"line":93,"column":21},"end":{"line":106,"column":3}},"line":93},"6":{"name":"(anonymous_6)","decl":{"start":{"line":108,"column":2},"end":{"line":108,"column":3}},"loc":{"start":{"line":108,"column":9},"end":{"line":114,"column":3}},"line":108},"7":{"name":"(anonymous_7)","decl":{"start":{"line":110,"column":27},"end":{"line":110,"column":28}},"loc":{"start":{"line":110,"column":39},"end":{"line":112,"column":7}},"line":110},"8":{"name":"(anonymous_8)","decl":{"start":{"line":116,"column":2},"end":{"line":116,"column":3}},"loc":{"start":{"line":116,"column":15},"end":{"line":118,"column":3}},"line":116},"9":{"name":"(anonymous_9)","decl":{"start":{"line":117,"column":30},"end":{"line":117,"column":31}},"loc":{"start":{"line":117,"column":42},"end":{"line":117,"column":60}},"line":117},"10":{"name":"(anonymous_10)","decl":{"start":{"line":120,"column":2},"end":{"line":120,"column":3}},"loc":{"start":{"line":120,"column":23},"end":{"line":122,"column":3}},"line":120},"11":{"name":"(anonymous_11)","decl":{"start":{"line":121,"column":33},"end":{"line":121,"column":34}},"loc":{"start":{"line":121,"column":47},"end":{"line":121,"column":68}},"line":121},"12":{"name":"(anonymous_12)","decl":{"start":{"line":124,"column":2},"end":{"line":124,"column":3}},"loc":{"start":{"line":124,"column":11},"end":{"line":146,"column":3}},"line":124},"13":{"name":"(anonymous_13)","decl":{"start":{"line":127,"column":27},"end":{"line":127,"column":28}},"loc":{"start":{"line":127,"column":41},"end":{"line":129,"column":5}},"line":127},"14":{"name":"(anonymous_14)","decl":{"start":{"line":134,"column":38},"end":{"line":134,"column":39}},"loc":{"start":{"line":134,"column":52},"end":{"line":136,"column":5}},"line":134},"15":{"name":"(anonymous_15)","decl":{"start":{"line":141,"column":25},"end":{"line":141,"column":26}},"loc":{"start":{"line":141,"column":37},"end":{"line":143,"column":5}},"line":141}},"branchMap":{"0":{"loc":{"start":{"line":21,"column":4},"end":{"line":23,"column":5}},"type":"if","locations":[{"start":{"line":21,"column":4},"end":{"line":23,"column":5}},{"start":{},"end":{}}],"line":21},"1":{"loc":{"start":{"line":25,"column":4},"end":{"line":27,"column":5}},"type":"if","locations":[{"start":{"line":25,"column":4},"end":{"line":27,"column":5}},{"start":{},"end":{}}],"line":25},"2":{"loc":{"start":{"line":35,"column":4},"end":{"line":37,"column":5}},"type":"if","locations":[{"start":{"line":35,"column":4},"end":{"line":37,"column":5}},{"start":{},"end":{}}],"line":35},"3":{"loc":{"start":{"line":42,"column":4},"end":{"line":44,"column":5}},"type":"if","locations":[{"start":{"line":42,"column":4},"end":{"line":44,"column":5}},{"start":{},"end":{}}],"line":42},"4":{"loc":{"start":{"line":54,"column":4},"end":{"line":56,"column":5}},"type":"if","locations":[{"start":{"line":54,"column":4},"end":{"line":56,"column":5}},{"start":{},"end":{}}],"line":54},"5":{"loc":{"start":{"line":61,"column":4},"end":{"line":63,"column":5}},"type":"if","locations":[{"start":{"line":61,"column":4},"end":{"line":63,"column":5}},{"start":{},"end":{}}],"line":61},"6":{"loc":{"start":{"line":74,"column":4},"end":{"line":76,"column":5}},"type":"if","locations":[{"start":{"line":74,"column":4},"end":{"line":76,"column":5}},{"start":{},"end":{}}],"line":74},"7":{"loc":{"start":{"line":82,"column":4},"end":{"line":84,"column":5}},"type":"if","locations":[{"start":{"line":82,"column":4},"end":{"line":84,"column":5}},{"start":{},"end":{}}],"line":82},"8":{"loc":{"start":{"line":97,"column":4},"end":{"line":103,"column":5}},"type":"if","locations":[{"start":{"line":97,"column":4},"end":{"line":103,"column":5}},{"start":{},"end":{}}],"line":97}},"s":{"0":13,"1":13,"2":13,"3":13,"4":13,"5":1,"6":12,"7":1,"8":11,"9":11,"10":11,"11":1,"12":10,"13":10,"14":10,"15":1,"16":9,"17":9,"18":9,"19":8,"20":12,"21":1,"22":11,"23":11,"24":11,"25":1,"26":10,"27":10,"28":10,"29":10,"30":8,"31":13,"32":1,"33":12,"34":12,"35":12,"36":12,"37":1,"38":11,"39":11,"40":11,"41":9,"42":25,"43":25,"44":25,"45":18,"46":18,"47":18,"48":18,"49":25,"50":25,"51":3,"52":23,"53":23,"54":29,"55":32,"56":4,"57":9,"58":2,"59":2,"60":4,"61":2,"62":2,"63":2,"64":2,"65":2,"66":2,"67":2},"f":{"0":13,"1":13,"2":11,"3":12,"4":13,"5":25,"6":3,"7":23,"8":29,"9":32,"10":4,"11":9,"12":2,"13":4,"14":2,"15":2},"b":{"0":[1,12],"1":[1,11],"2":[1,10],"3":[1,9],"4":[1,11],"5":[1,10],"6":[1,12],"7":[1,11],"8":[18,7]},"_coverageSchema":"1a1c01bbd47fc00a2c39e90264f33305004495a9","hash":"ae0f50640895fd1fccf9353655944ddfe83ed8b3"}
,"/Users/matthieuchollet/Projets Perso/TreasureMap/scripts/models/mountain.js": {"path":"/Users/matthieuchollet/Projets Perso/TreasureMap/scripts/models/mountain.js","statementMap":{"0":{"start":{"line":11,"column":4},"end":{"line":11,"column":15}},"1":{"start":{"line":12,"column":4},"end":{"line":12,"column":15}},"2":{"start":{"line":20,"column":4},"end":{"line":20,"column":41}}},"fnMap":{"0":{"name":"(anonymous_0)","decl":{"start":{"line":10,"column":2},"end":{"line":10,"column":3}},"loc":{"start":{"line":10,"column":20},"end":{"line":13,"column":3}},"line":10},"1":{"name":"(anonymous_1)","decl":{"start":{"line":19,"column":2},"end":{"line":19,"column":3}},"loc":{"start":{"line":19,"column":10},"end":{"line":21,"column":3}},"line":19}},"branchMap":{},"s":{"0":9,"1":9,"2":6},"f":{"0":9,"1":6},"b":{},"_coverageSchema":"1a1c01bbd47fc00a2c39e90264f33305004495a9","hash":"40f89e50c4e426fad16023e7a2fcdecdce2217d8"}
,"/Users/matthieuchollet/Projets Perso/TreasureMap/scripts/models/player.js": {"path":"/Users/matthieuchollet/Projets Perso/TreasureMap/scripts/models/player.js","statementMap":{"0":{"start":{"line":3,"column":4},"end":{"line":3,"column":21}},"1":{"start":{"line":4,"column":4},"end":{"line":4,"column":15}},"2":{"start":{"line":5,"column":4},"end":{"line":5,"column":15}},"3":{"start":{"line":6,"column":4},"end":{"line":6,"column":35}},"4":{"start":{"line":7,"column":4},"end":{"line":7,"column":26}},"5":{"start":{"line":8,"column":4},"end":{"line":8,"column":27}},"6":{"start":{"line":12,"column":4},"end":{"line":12,"column":28}},"7":{"start":{"line":16,"column":4},"end":{"line":16,"column":15}},"8":{"start":{"line":17,"column":4},"end":{"line":17,"column":15}},"9":{"start":{"line":21,"column":4},"end":{"line":21,"column":102}},"10":{"start":{"line":25,"column":4},"end":{"line":60,"column":5}},"11":{"start":{"line":27,"column":8},"end":{"line":29,"column":9}},"12":{"start":{"line":28,"column":10},"end":{"line":28,"column":46}},"13":{"start":{"line":30,"column":8},"end":{"line":32,"column":9}},"14":{"start":{"line":31,"column":10},"end":{"line":31,"column":46}},"15":{"start":{"line":33,"column":8},"end":{"line":33,"column":44}},"16":{"start":{"line":35,"column":8},"end":{"line":37,"column":9}},"17":{"start":{"line":36,"column":10},"end":{"line":36,"column":46}},"18":{"start":{"line":38,"column":8},"end":{"line":40,"column":9}},"19":{"start":{"line":39,"column":10},"end":{"line":39,"column":46}},"20":{"start":{"line":41,"column":8},"end":{"line":41,"column":44}},"21":{"start":{"line":43,"column":8},"end":{"line":45,"column":9}},"22":{"start":{"line":44,"column":10},"end":{"line":44,"column":46}},"23":{"start":{"line":46,"column":8},"end":{"line":48,"column":9}},"24":{"start":{"line":47,"column":10},"end":{"line":47,"column":46}},"25":{"start":{"line":49,"column":8},"end":{"line":49,"column":44}},"26":{"start":{"line":51,"column":8},"end":{"line":53,"column":9}},"27":{"start":{"line":52,"column":10},"end":{"line":52,"column":46}},"28":{"start":{"line":54,"column":8},"end":{"line":56,"column":9}},"29":{"start":{"line":55,"column":10},"end":{"line":55,"column":46}},"30":{"start":{"line":57,"column":8},"end":{"line":57,"column":44}},"31":{"start":{"line":59,"column":8},"end":{"line":59,"column":41}},"32":{"start":{"line":64,"column":4},"end":{"line":64,"column":24}},"33":{"start":{"line":68,"column":4},"end":{"line":111,"column":5}},"34":{"start":{"line":70,"column":8},"end":{"line":73,"column":9}},"35":{"start":{"line":71,"column":10},"end":{"line":71,"column":33}},"36":{"start":{"line":72,"column":10},"end":{"line":72,"column":16}},"37":{"start":{"line":74,"column":8},"end":{"line":77,"column":9}},"38":{"start":{"line":75,"column":10},"end":{"line":75,"column":33}},"39":{"start":{"line":76,"column":10},"end":{"line":76,"column":16}},"40":{"start":{"line":78,"column":8},"end":{"line":78,"column":14}},"41":{"start":{"line":80,"column":8},"end":{"line":83,"column":9}},"42":{"start":{"line":81,"column":10},"end":{"line":81,"column":33}},"43":{"start":{"line":82,"column":10},"end":{"line":82,"column":16}},"44":{"start":{"line":84,"column":8},"end":{"line":87,"column":9}},"45":{"start":{"line":85,"column":10},"end":{"line":85,"column":33}},"46":{"start":{"line":86,"column":10},"end":{"line":86,"column":16}},"47":{"start":{"line":88,"column":8},"end":{"line":88,"column":14}},"48":{"start":{"line":90,"column":8},"end":{"line":93,"column":9}},"49":{"start":{"line":91,"column":10},"end":{"line":91,"column":33}},"50":{"start":{"line":92,"column":10},"end":{"line":92,"column":16}},"51":{"start":{"line":94,"column":8},"end":{"line":97,"column":9}},"52":{"start":{"line":95,"column":10},"end":{"line":95,"column":33}},"53":{"start":{"line":96,"column":10},"end":{"line":96,"column":16}},"54":{"start":{"line":98,"column":8},"end":{"line":98,"column":14}},"55":{"start":{"line":100,"column":8},"end":{"line":103,"column":9}},"56":{"start":{"line":101,"column":10},"end":{"line":101,"column":33}},"57":{"start":{"line":102,"column":10},"end":{"line":102,"column":16}},"58":{"start":{"line":104,"column":8},"end":{"line":107,"column":9}},"59":{"start":{"line":105,"column":10},"end":{"line":105,"column":33}},"60":{"start":{"line":106,"column":10},"end":{"line":106,"column":16}},"61":{"start":{"line":108,"column":8},"end":{"line":108,"column":14}},"62":{"start":{"line":110,"column":8},"end":{"line":110,"column":41}},"63":{"start":{"line":115,"column":4},"end":{"line":115,"column":22}},"64":{"start":{"line":119,"column":4},"end":{"line":119,"column":34}}},"fnMap":{"0":{"name":"(anonymous_0)","decl":{"start":{"line":2,"column":2},"end":{"line":2,"column":3}},"loc":{"start":{"line":2,"column":45},"end":{"line":9,"column":3}},"line":2},"1":{"name":"(anonymous_1)","decl":{"start":{"line":11,"column":2},"end":{"line":11,"column":3}},"loc":{"start":{"line":11,"column":18},"end":{"line":13,"column":3}},"line":11},"2":{"name":"(anonymous_2)","decl":{"start":{"line":15,"column":2},"end":{"line":15,"column":3}},"loc":{"start":{"line":15,"column":26},"end":{"line":18,"column":3}},"line":15},"3":{"name":"(anonymous_3)","decl":{"start":{"line":20,"column":2},"end":{"line":20,"column":3}},"loc":{"start":{"line":20,"column":10},"end":{"line":22,"column":3}},"line":20},"4":{"name":"(anonymous_4)","decl":{"start":{"line":24,"column":2},"end":{"line":24,"column":3}},"loc":{"start":{"line":24,"column":24},"end":{"line":61,"column":3}},"line":24},"5":{"name":"(anonymous_5)","decl":{"start":{"line":63,"column":2},"end":{"line":63,"column":3}},"loc":{"start":{"line":63,"column":17},"end":{"line":65,"column":3}},"line":63},"6":{"name":"(anonymous_6)","decl":{"start":{"line":67,"column":2},"end":{"line":67,"column":3}},"loc":{"start":{"line":67,"column":22},"end":{"line":112,"column":3}},"line":67},"7":{"name":"(anonymous_7)","decl":{"start":{"line":114,"column":2},"end":{"line":114,"column":3}},"loc":{"start":{"line":114,"column":20},"end":{"line":116,"column":3}},"line":114},"8":{"name":"(anonymous_8)","decl":{"start":{"line":118,"column":2},"end":{"line":118,"column":3}},"loc":{"start":{"line":118,"column":14},"end":{"line":120,"column":3}},"line":118}},"branchMap":{"0":{"loc":{"start":{"line":25,"column":4},"end":{"line":60,"column":5}},"type":"switch","locations":[{"start":{"line":26,"column":6},"end":{"line":33,"column":44}},{"start":{"line":34,"column":6},"end":{"line":41,"column":44}},{"start":{"line":42,"column":6},"end":{"line":49,"column":44}},{"start":{"line":50,"column":6},"end":{"line":57,"column":44}},{"start":{"line":58,"column":6},"end":{"line":59,"column":41}}],"line":25},"1":{"loc":{"start":{"line":27,"column":8},"end":{"line":29,"column":9}},"type":"if","locations":[{"start":{"line":27,"column":8},"end":{"line":29,"column":9}},{"start":{},"end":{}}],"line":27},"2":{"loc":{"start":{"line":30,"column":8},"end":{"line":32,"column":9}},"type":"if","locations":[{"start":{"line":30,"column":8},"end":{"line":32,"column":9}},{"start":{},"end":{}}],"line":30},"3":{"loc":{"start":{"line":35,"column":8},"end":{"line":37,"column":9}},"type":"if","locations":[{"start":{"line":35,"column":8},"end":{"line":37,"column":9}},{"start":{},"end":{}}],"line":35},"4":{"loc":{"start":{"line":38,"column":8},"end":{"line":40,"column":9}},"type":"if","locations":[{"start":{"line":38,"column":8},"end":{"line":40,"column":9}},{"start":{},"end":{}}],"line":38},"5":{"loc":{"start":{"line":43,"column":8},"end":{"line":45,"column":9}},"type":"if","locations":[{"start":{"line":43,"column":8},"end":{"line":45,"column":9}},{"start":{},"end":{}}],"line":43},"6":{"loc":{"start":{"line":46,"column":8},"end":{"line":48,"column":9}},"type":"if","locations":[{"start":{"line":46,"column":8},"end":{"line":48,"column":9}},{"start":{},"end":{}}],"line":46},"7":{"loc":{"start":{"line":51,"column":8},"end":{"line":53,"column":9}},"type":"if","locations":[{"start":{"line":51,"column":8},"end":{"line":53,"column":9}},{"start":{},"end":{}}],"line":51},"8":{"loc":{"start":{"line":54,"column":8},"end":{"line":56,"column":9}},"type":"if","locations":[{"start":{"line":54,"column":8},"end":{"line":56,"column":9}},{"start":{},"end":{}}],"line":54},"9":{"loc":{"start":{"line":68,"column":4},"end":{"line":111,"column":5}},"type":"switch","locations":[{"start":{"line":69,"column":6},"end":{"line":78,"column":14}},{"start":{"line":79,"column":6},"end":{"line":88,"column":14}},{"start":{"line":89,"column":6},"end":{"line":98,"column":14}},{"start":{"line":99,"column":6},"end":{"line":108,"column":14}},{"start":{"line":109,"column":6},"end":{"line":110,"column":41}}],"line":68},"10":{"loc":{"start":{"line":70,"column":8},"end":{"line":73,"column":9}},"type":"if","locations":[{"start":{"line":70,"column":8},"end":{"line":73,"column":9}},{"start":{},"end":{}}],"line":70},"11":{"loc":{"start":{"line":74,"column":8},"end":{"line":77,"column":9}},"type":"if","locations":[{"start":{"line":74,"column":8},"end":{"line":77,"column":9}},{"start":{},"end":{}}],"line":74},"12":{"loc":{"start":{"line":80,"column":8},"end":{"line":83,"column":9}},"type":"if","locations":[{"start":{"line":80,"column":8},"end":{"line":83,"column":9}},{"start":{},"end":{}}],"line":80},"13":{"loc":{"start":{"line":84,"column":8},"end":{"line":87,"column":9}},"type":"if","locations":[{"start":{"line":84,"column":8},"end":{"line":87,"column":9}},{"start":{},"end":{}}],"line":84},"14":{"loc":{"start":{"line":90,"column":8},"end":{"line":93,"column":9}},"type":"if","locations":[{"start":{"line":90,"column":8},"end":{"line":93,"column":9}},{"start":{},"end":{}}],"line":90},"15":{"loc":{"start":{"line":94,"column":8},"end":{"line":97,"column":9}},"type":"if","locations":[{"start":{"line":94,"column":8},"end":{"line":97,"column":9}},{"start":{},"end":{}}],"line":94},"16":{"loc":{"start":{"line":100,"column":8},"end":{"line":103,"column":9}},"type":"if","locations":[{"start":{"line":100,"column":8},"end":{"line":103,"column":9}},{"start":{},"end":{}}],"line":100},"17":{"loc":{"start":{"line":104,"column":8},"end":{"line":107,"column":9}},"type":"if","locations":[{"start":{"line":104,"column":8},"end":{"line":107,"column":9}},{"start":{},"end":{}}],"line":104}},"s":{"0":21,"1":21,"2":21,"3":21,"4":21,"5":21,"6":6,"7":18,"8":18,"9":3,"10":38,"11":17,"12":12,"13":5,"14":3,"15":2,"16":7,"17":3,"18":4,"19":1,"20":3,"21":4,"22":2,"23":2,"24":1,"25":1,"26":9,"27":3,"28":6,"29":3,"30":3,"31":1,"32":120,"33":38,"34":17,"35":3,"36":3,"37":14,"38":2,"39":2,"40":12,"41":7,"42":1,"43":1,"44":6,"45":3,"46":3,"47":3,"48":4,"49":1,"50":1,"51":3,"52":1,"53":1,"54":2,"55":9,"56":3,"57":3,"58":6,"59":3,"60":3,"61":3,"62":1,"63":25,"64":32},"f":{"0":21,"1":6,"2":18,"3":3,"4":38,"5":120,"6":38,"7":25,"8":32},"b":{"0":[17,7,4,9,1],"1":[12,5],"2":[3,2],"3":[3,4],"4":[1,3],"5":[2,2],"6":[1,1],"7":[3,6],"8":[3,3],"9":[17,7,4,9,1],"10":[3,14],"11":[2,12],"12":[1,6],"13":[3,3],"14":[1,3],"15":[1,2],"16":[3,6],"17":[3,3]},"_coverageSchema":"1a1c01bbd47fc00a2c39e90264f33305004495a9","hash":"cbb0fe379260bdeb550caa409046e2036abcd62f"}
,"/Users/matthieuchollet/Projets Perso/TreasureMap/scripts/models/treasure.js": {"path":"/Users/matthieuchollet/Projets Perso/TreasureMap/scripts/models/treasure.js","statementMap":{"0":{"start":{"line":12,"column":4},"end":{"line":12,"column":15}},"1":{"start":{"line":13,"column":4},"end":{"line":13,"column":15}},"2":{"start":{"line":14,"column":4},"end":{"line":14,"column":29}},"3":{"start":{"line":21,"column":4},"end":{"line":21,"column":48}},"4":{"start":{"line":21,"column":29},"end":{"line":21,"column":48}},"5":{"start":{"line":29,"column":4},"end":{"line":29,"column":60}}},"fnMap":{"0":{"name":"(anonymous_0)","decl":{"start":{"line":11,"column":2},"end":{"line":11,"column":3}},"loc":{"start":{"line":11,"column":30},"end":{"line":15,"column":3}},"line":11},"1":{"name":"(anonymous_1)","decl":{"start":{"line":20,"column":2},"end":{"line":20,"column":3}},"loc":{"start":{"line":20,"column":22},"end":{"line":22,"column":3}},"line":20},"2":{"name":"(anonymous_2)","decl":{"start":{"line":28,"column":2},"end":{"line":28,"column":3}},"loc":{"start":{"line":28,"column":10},"end":{"line":30,"column":3}},"line":28}},"branchMap":{"0":{"loc":{"start":{"line":21,"column":4},"end":{"line":21,"column":48}},"type":"if","locations":[{"start":{"line":21,"column":4},"end":{"line":21,"column":48}},{"start":{},"end":{}}],"line":21}},"s":{"0":10,"1":10,"2":10,"3":7,"4":7,"5":3},"f":{"0":10,"1":7,"2":3},"b":{"0":[7,0]},"_coverageSchema":"1a1c01bbd47fc00a2c39e90264f33305004495a9","hash":"09e0c33a34ca6276a8bc90e94f15b5f6f317dfd7"}
,"/Users/matthieuchollet/Projets Perso/TreasureMap/scripts/utils/handleChangeFile.js": {"path":"/Users/matthieuchollet/Projets Perso/TreasureMap/scripts/utils/handleChangeFile.js","statementMap":{"0":{"start":{"line":8,"column":25},"end":{"line":32,"column":1}},"1":{"start":{"line":9,"column":18},"end":{"line":9,"column":51}},"2":{"start":{"line":10,"column":15},"end":{"line":10,"column":56}},"3":{"start":{"line":12,"column":2},"end":{"line":31,"column":3}},"4":{"start":{"line":13,"column":4},"end":{"line":13,"column":44}},"5":{"start":{"line":14,"column":4},"end":{"line":14,"column":24}},"6":{"start":{"line":16,"column":19},"end":{"line":16,"column":35}},"7":{"start":{"line":18,"column":4},"end":{"line":28,"column":6}},"8":{"start":{"line":19,"column":24},"end":{"line":19,"column":41}},"9":{"start":{"line":21,"column":6},"end":{"line":27,"column":7}},"10":{"start":{"line":22,"column":21},"end":{"line":22,"column":50}},"11":{"start":{"line":23,"column":8},"end":{"line":23,"column":20}},"12":{"start":{"line":24,"column":8},"end":{"line":24,"column":42}},"13":{"start":{"line":26,"column":8},"end":{"line":26,"column":34}},"14":{"start":{"line":30,"column":4},"end":{"line":30,"column":28}}},"fnMap":{"0":{"name":"(anonymous_0)","decl":{"start":{"line":8,"column":25},"end":{"line":8,"column":26}},"loc":{"start":{"line":8,"column":32},"end":{"line":32,"column":1}},"line":8},"1":{"name":"(anonymous_1)","decl":{"start":{"line":18,"column":20},"end":{"line":18,"column":21}},"loc":{"start":{"line":18,"column":29},"end":{"line":28,"column":5}},"line":18}},"branchMap":{"0":{"loc":{"start":{"line":12,"column":2},"end":{"line":31,"column":3}},"type":"if","locations":[{"start":{"line":12,"column":2},"end":{"line":31,"column":3}},{"start":{"line":15,"column":9},"end":{"line":31,"column":3}}],"line":12},"1":{"loc":{"start":{"line":12,"column":6},"end":{"line":12,"column":43}},"type":"binary-expr","locations":[{"start":{"line":12,"column":6},"end":{"line":12,"column":10}},{"start":{"line":12,"column":14},"end":{"line":12,"column":43}}],"line":12}},"s":{"0":1,"1":2,"2":2,"3":2,"4":1,"5":1,"6":1,"7":1,"8":1,"9":1,"10":1,"11":1,"12":1,"13":0,"14":1},"f":{"0":2,"1":1},"b":{"0":[1,1],"1":[2,2]},"_coverageSchema":"1a1c01bbd47fc00a2c39e90264f33305004495a9","hash":"44fb8d3d9e625ac175284669a0bd78017b72a354"}
,"/Users/matthieuchollet/Projets Perso/TreasureMap/scripts/utils/validation.js": {"path":"/Users/matthieuchollet/Projets Perso/TreasureMap/scripts/utils/validation.js","statementMap":{"0":{"start":{"line":1,"column":26},"end":{"line":1,"column":46}},"1":{"start":{"line":2,"column":19},"end":{"line":2,"column":34}},"2":{"start":{"line":4,"column":26},"end":{"line":15,"column":1}},"3":{"start":{"line":5,"column":2},"end":{"line":7,"column":3}},"4":{"start":{"line":6,"column":4},"end":{"line":6,"column":17}},"5":{"start":{"line":9,"column":14},"end":{"line":9,"column":25}},"6":{"start":{"line":11,"column":2},"end":{"line":13,"column":3}},"7":{"start":{"line":12,"column":4},"end":{"line":12,"column":16}},"8":{"start":{"line":14,"column":2},"end":{"line":14,"column":15}},"9":{"start":{"line":17,"column":32},"end":{"line":28,"column":1}},"10":{"start":{"line":18,"column":2},"end":{"line":20,"column":3}},"11":{"start":{"line":19,"column":4},"end":{"line":19,"column":17}},"12":{"start":{"line":22,"column":14},"end":{"line":22,"column":25}},"13":{"start":{"line":24,"column":2},"end":{"line":26,"column":3}},"14":{"start":{"line":25,"column":4},"end":{"line":25,"column":16}},"15":{"start":{"line":27,"column":2},"end":{"line":27,"column":15}},"16":{"start":{"line":30,"column":27},"end":{"line":32,"column":1}},"17":{"start":{"line":31,"column":2},"end":{"line":31,"column":49}},"18":{"start":{"line":34,"column":22},"end":{"line":40,"column":1}},"19":{"start":{"line":35,"column":2},"end":{"line":37,"column":3}},"20":{"start":{"line":36,"column":4},"end":{"line":36,"column":17}},"21":{"start":{"line":39,"column":2},"end":{"line":39,"column":61}},"22":{"start":{"line":39,"column":34},"end":{"line":39,"column":59}},"23":{"start":{"line":42,"column":34},"end":{"line":51,"column":1}},"24":{"start":{"line":43,"column":2},"end":{"line":49,"column":3}},"25":{"start":{"line":48,"column":4},"end":{"line":48,"column":16}},"26":{"start":{"line":50,"column":2},"end":{"line":50,"column":15}},"27":{"start":{"line":53,"column":38},"end":{"line":62,"column":1}},"28":{"start":{"line":54,"column":2},"end":{"line":60,"column":3}},"29":{"start":{"line":59,"column":4},"end":{"line":59,"column":16}},"30":{"start":{"line":61,"column":2},"end":{"line":61,"column":15}},"31":{"start":{"line":64,"column":38},"end":{"line":74,"column":1}},"32":{"start":{"line":65,"column":2},"end":{"line":72,"column":3}},"33":{"start":{"line":71,"column":4},"end":{"line":71,"column":16}},"34":{"start":{"line":73,"column":2},"end":{"line":73,"column":15}},"35":{"start":{"line":76,"column":36},"end":{"line":88,"column":1}},"36":{"start":{"line":77,"column":2},"end":{"line":86,"column":3}},"37":{"start":{"line":85,"column":4},"end":{"line":85,"column":16}},"38":{"start":{"line":87,"column":2},"end":{"line":87,"column":15}}},"fnMap":{"0":{"name":"(anonymous_0)","decl":{"start":{"line":4,"column":26},"end":{"line":4,"column":27}},"loc":{"start":{"line":4,"column":35},"end":{"line":15,"column":1}},"line":4},"1":{"name":"(anonymous_1)","decl":{"start":{"line":17,"column":32},"end":{"line":17,"column":33}},"loc":{"start":{"line":17,"column":41},"end":{"line":28,"column":1}},"line":17},"2":{"name":"(anonymous_2)","decl":{"start":{"line":30,"column":27},"end":{"line":30,"column":28}},"loc":{"start":{"line":30,"column":44},"end":{"line":32,"column":1}},"line":30},"3":{"name":"(anonymous_3)","decl":{"start":{"line":34,"column":22},"end":{"line":34,"column":23}},"loc":{"start":{"line":34,"column":31},"end":{"line":40,"column":1}},"line":34},"4":{"name":"(anonymous_4)","decl":{"start":{"line":39,"column":24},"end":{"line":39,"column":25}},"loc":{"start":{"line":39,"column":34},"end":{"line":39,"column":59}},"line":39},"5":{"name":"(anonymous_5)","decl":{"start":{"line":42,"column":34},"end":{"line":42,"column":35}},"loc":{"start":{"line":42,"column":46},"end":{"line":51,"column":1}},"line":42},"6":{"name":"(anonymous_6)","decl":{"start":{"line":53,"column":38},"end":{"line":53,"column":39}},"loc":{"start":{"line":53,"column":50},"end":{"line":62,"column":1}},"line":53},"7":{"name":"(anonymous_7)","decl":{"start":{"line":64,"column":38},"end":{"line":64,"column":39}},"loc":{"start":{"line":64,"column":50},"end":{"line":74,"column":1}},"line":64},"8":{"name":"(anonymous_8)","decl":{"start":{"line":76,"column":36},"end":{"line":76,"column":37}},"loc":{"start":{"line":76,"column":48},"end":{"line":88,"column":1}},"line":76}},"branchMap":{"0":{"loc":{"start":{"line":5,"column":2},"end":{"line":7,"column":3}},"type":"if","locations":[{"start":{"line":5,"column":2},"end":{"line":7,"column":3}},{"start":{},"end":{}}],"line":5},"1":{"loc":{"start":{"line":11,"column":2},"end":{"line":13,"column":3}},"type":"if","locations":[{"start":{"line":11,"column":2},"end":{"line":13,"column":3}},{"start":{},"end":{}}],"line":11},"2":{"loc":{"start":{"line":11,"column":6},"end":{"line":11,"column":38}},"type":"binary-expr","locations":[{"start":{"line":11,"column":6},"end":{"line":11,"column":27}},{"start":{"line":11,"column":31},"end":{"line":11,"column":38}}],"line":11},"3":{"loc":{"start":{"line":18,"column":2},"end":{"line":20,"column":3}},"type":"if","locations":[{"start":{"line":18,"column":2},"end":{"line":20,"column":3}},{"start":{},"end":{}}],"line":18},"4":{"loc":{"start":{"line":24,"column":2},"end":{"line":26,"column":3}},"type":"if","locations":[{"start":{"line":24,"column":2},"end":{"line":26,"column":3}},{"start":{},"end":{}}],"line":24},"5":{"loc":{"start":{"line":24,"column":6},"end":{"line":24,"column":39}},"type":"binary-expr","locations":[{"start":{"line":24,"column":6},"end":{"line":24,"column":27}},{"start":{"line":24,"column":31},"end":{"line":24,"column":39}}],"line":24},"6":{"loc":{"start":{"line":35,"column":2},"end":{"line":37,"column":3}},"type":"if","locations":[{"start":{"line":35,"column":2},"end":{"line":37,"column":3}},{"start":{},"end":{}}],"line":35},"7":{"loc":{"start":{"line":43,"column":2},"end":{"line":49,"column":3}},"type":"if","locations":[{"start":{"line":43,"column":2},"end":{"line":49,"column":3}},{"start":{},"end":{}}],"line":43},"8":{"loc":{"start":{"line":44,"column":4},"end":{"line":46,"column":32}},"type":"binary-expr","locations":[{"start":{"line":44,"column":4},"end":{"line":44,"column":23}},{"start":{"line":45,"column":4},"end":{"line":45,"column":32}},{"start":{"line":46,"column":4},"end":{"line":46,"column":32}}],"line":44},"9":{"loc":{"start":{"line":54,"column":2},"end":{"line":60,"column":3}},"type":"if","locations":[{"start":{"line":54,"column":2},"end":{"line":60,"column":3}},{"start":{},"end":{}}],"line":54},"10":{"loc":{"start":{"line":55,"column":4},"end":{"line":57,"column":38}},"type":"binary-expr","locations":[{"start":{"line":55,"column":4},"end":{"line":55,"column":23}},{"start":{"line":56,"column":4},"end":{"line":56,"column":38}},{"start":{"line":57,"column":4},"end":{"line":57,"column":38}}],"line":55},"11":{"loc":{"start":{"line":65,"column":2},"end":{"line":72,"column":3}},"type":"if","locations":[{"start":{"line":65,"column":2},"end":{"line":72,"column":3}},{"start":{},"end":{}}],"line":65},"12":{"loc":{"start":{"line":66,"column":4},"end":{"line":69,"column":32}},"type":"binary-expr","locations":[{"start":{"line":66,"column":4},"end":{"line":66,"column":23}},{"start":{"line":67,"column":4},"end":{"line":67,"column":38}},{"start":{"line":68,"column":4},"end":{"line":68,"column":38}},{"start":{"line":69,"column":4},"end":{"line":69,"column":32}}],"line":66},"13":{"loc":{"start":{"line":77,"column":2},"end":{"line":86,"column":3}},"type":"if","locations":[{"start":{"line":77,"column":2},"end":{"line":86,"column":3}},{"start":{},"end":{}}],"line":77},"14":{"loc":{"start":{"line":78,"column":4},"end":{"line":83,"column":28}},"type":"binary-expr","locations":[{"start":{"line":78,"column":4},"end":{"line":78,"column":23}},{"start":{"line":79,"column":4},"end":{"line":79,"column":33}},{"start":{"line":80,"column":4},"end":{"line":80,"column":38}},{"start":{"line":81,"column":4},"end":{"line":81,"column":38}},{"start":{"line":82,"column":4},"end":{"line":82,"column":33}},{"start":{"line":83,"column":4},"end":{"line":83,"column":28}}],"line":78}},"s":{"0":4,"1":4,"2":4,"3":44,"4":3,"5":41,"6":41,"7":36,"8":5,"9":4,"10":90,"11":2,"12":88,"13":88,"14":83,"15":5,"16":4,"17":16,"18":4,"19":14,"20":1,"21":13,"22":54,"23":4,"24":19,"25":12,"26":7,"27":4,"28":15,"29":11,"30":4,"31":4,"32":18,"33":12,"34":6,"35":4,"36":18,"37":13,"38":5},"f":{"0":44,"1":90,"2":16,"3":14,"4":54,"5":19,"6":15,"7":18,"8":18},"b":{"0":[3,41],"1":[36,5],"2":[41,40],"3":[2,88],"4":[83,5],"5":[88,86],"6":[1,13],"7":[12,7],"8":[19,18,12],"9":[11,4],"10":[15,14,11],"11":[12,6],"12":[18,17,14,14],"13":[13,5],"14":[18,17,17,17,16,14]},"_coverageSchema":"1a1c01bbd47fc00a2c39e90264f33305004495a9","hash":"4151f9e34fba416b9e596f03205c8578096215d8"}
}
