TN:
SF:scripts/factories/game.js
FN:11,(anonymous_0)
FN:16,(anonymous_1)
FN:19,(anonymous_2)
FNF:3
FNH:3
FNDA:4,(anonymous_0)
FNDA:27,(anonymous_1)
FNDA:19,(anonymous_2)
DA:12,4
DA:13,4
DA:15,4
DA:16,27
DA:19,4
DA:20,19
DA:21,19
DA:23,19
DA:25,3
DA:26,3
DA:28,6
DA:29,6
DA:31,6
DA:32,6
DA:34,3
DA:35,3
DA:37,1
DA:40,3
LF:18
LH:18
BRDA:23,0,0,3
BRDA:23,0,1,6
BRDA:23,0,2,6
BRDA:23,0,3,3
BRDA:23,0,4,1
BRF:5
BRH:5
end_of_record
TN:
SF:scripts/models/card.js
FN:12,(anonymous_0)
FN:31,(anonymous_1)
FN:44,(anonymous_2)
FN:53,(anonymous_3)
FN:63,(anonymous_4)
FN:75,(anonymous_5)
FNF:6
FNH:6
FNDA:12,(anonymous_0)
FNDA:87,(anonymous_1)
FNDA:145,(anonymous_2)
FNDA:25,(anonymous_3)
FNDA:25,(anonymous_4)
FNDA:3,(anonymous_5)
DA:13,12
DA:14,12
DA:15,12
DA:17,12
DA:18,49
DA:19,49
DA:20,227
DA:32,87
DA:33,1
DA:35,86
DA:45,145
DA:54,25
DA:64,25
DA:76,3
LF:14
LH:14
BRDA:32,0,0,1
BRDA:32,0,1,86
BRDA:45,1,0,145
BRDA:45,1,1,137
BRDA:65,2,0,25
BRDA:65,2,1,19
BRDA:65,2,2,19
BRF:7
BRH:7
end_of_record
TN:
SF:scripts/models/case.js
FN:11,(anonymous_0)
FN:21,(anonymous_1)
FN:33,(anonymous_2)
FN:53,(anonymous_3)
FN:61,(anonymous_4)
FN:75,(anonymous_5)
FN:83,(anonymous_6)
FNF:7
FNH:7
FNDA:227,(anonymous_0)
FNDA:9,(anonymous_1)
FNDA:29,(anonymous_2)
FNDA:18,(anonymous_3)
FNDA:10,(anonymous_4)
FNDA:19,(anonymous_5)
FNDA:29,(anonymous_6)
DA:12,227
DA:13,227
DA:14,227
DA:22,9
DA:23,1
DA:26,8
DA:34,29
DA:35,1
DA:38,28
DA:39,1
DA:42,27
DA:44,27
DA:45,6
DA:46,6
DA:54,18
DA:62,10
DA:63,1
DA:65,9
DA:66,1
DA:68,8
DA:76,19
DA:84,29
LF:22
LH:22
BRDA:22,0,0,1
BRDA:22,0,1,8
BRDA:34,1,0,1
BRDA:34,1,1,28
BRDA:38,2,0,1
BRDA:38,2,1,27
BRDA:44,3,0,6
BRDA:44,3,1,21
BRDA:62,4,0,1
BRDA:62,4,1,9
BRDA:65,5,0,1
BRDA:65,5,1,8
BRF:12
BRH:12
end_of_record
TN:
SF:scripts/models/game.js
FN:13,(anonymous_0)
FN:20,(anonymous_1)
FN:34,(anonymous_2)
FN:53,(anonymous_3)
FN:73,(anonymous_4)
FN:93,(anonymous_5)
FN:108,(anonymous_6)
FN:110,(anonymous_7)
FN:116,(anonymous_8)
FN:117,(anonymous_9)
FN:120,(anonymous_10)
FN:121,(anonymous_11)
FN:124,(anonymous_12)
FN:127,(anonymous_13)
FN:134,(anonymous_14)
FN:141,(anonymous_15)
FNF:16
FNH:16
FNDA:13,(anonymous_0)
FNDA:13,(anonymous_1)
FNDA:11,(anonymous_2)
FNDA:12,(anonymous_3)
FNDA:13,(anonymous_4)
FNDA:25,(anonymous_5)
FNDA:3,(anonymous_6)
FNDA:23,(anonymous_7)
FNDA:29,(anonymous_8)
FNDA:32,(anonymous_9)
FNDA:4,(anonymous_10)
FNDA:9,(anonymous_11)
FNDA:2,(anonymous_12)
FNDA:4,(anonymous_13)
FNDA:2,(anonymous_14)
FNDA:2,(anonymous_15)
DA:14,13
DA:15,13
DA:16,13
DA:17,13
DA:21,13
DA:22,1
DA:25,12
DA:26,1
DA:29,11
DA:31,11
DA:35,11
DA:36,1
DA:39,10
DA:40,10
DA:42,10
DA:43,1
DA:46,9
DA:47,9
DA:49,9
DA:50,8
DA:54,12
DA:55,1
DA:58,11
DA:59,11
DA:61,11
DA:62,1
DA:65,10
DA:66,10
DA:67,10
DA:69,10
DA:70,8
DA:74,13
DA:75,1
DA:78,12
DA:79,12
DA:80,12
DA:82,12
DA:83,1
DA:86,11
DA:87,11
DA:89,11
DA:90,9
DA:94,25
DA:95,25
DA:97,25
DA:98,18
DA:100,18
DA:101,18
DA:102,18
DA:104,25
DA:105,25
DA:109,3
DA:110,23
DA:111,23
DA:117,32
DA:121,9
DA:125,2
DA:127,2
DA:128,4
DA:131,2
DA:134,2
DA:135,2
DA:138,2
DA:141,2
DA:142,2
DA:145,2
LF:66
LH:66
BRDA:21,0,0,1
BRDA:21,0,1,12
BRDA:25,1,0,1
BRDA:25,1,1,11
BRDA:35,2,0,1
BRDA:35,2,1,10
BRDA:42,3,0,1
BRDA:42,3,1,9
BRDA:54,4,0,1
BRDA:54,4,1,11
BRDA:61,5,0,1
BRDA:61,5,1,10
BRDA:74,6,0,1
BRDA:74,6,1,12
BRDA:82,7,0,1
BRDA:82,7,1,11
BRDA:97,8,0,18
BRDA:97,8,1,7
BRF:18
BRH:18
end_of_record
TN:
SF:scripts/models/mountain.js
FN:10,(anonymous_0)
FN:19,(anonymous_1)
FNF:2
FNH:2
FNDA:9,(anonymous_0)
FNDA:6,(anonymous_1)
DA:11,9
DA:12,9
DA:20,6
LF:3
LH:3
BRF:0
BRH:0
end_of_record
TN:
SF:scripts/models/player.js
FN:2,(anonymous_0)
FN:11,(anonymous_1)
FN:15,(anonymous_2)
FN:20,(anonymous_3)
FN:24,(anonymous_4)
FN:63,(anonymous_5)
FN:67,(anonymous_6)
FN:114,(anonymous_7)
FN:118,(anonymous_8)
FNF:9
FNH:9
FNDA:21,(anonymous_0)
FNDA:6,(anonymous_1)
FNDA:18,(anonymous_2)
FNDA:3,(anonymous_3)
FNDA:38,(anonymous_4)
FNDA:120,(anonymous_5)
FNDA:38,(anonymous_6)
FNDA:25,(anonymous_7)
FNDA:32,(anonymous_8)
DA:3,21
DA:4,21
DA:5,21
DA:6,21
DA:7,21
DA:8,21
DA:12,6
DA:16,18
DA:17,18
DA:21,3
DA:25,38
DA:27,17
DA:28,12
DA:30,5
DA:31,3
DA:33,2
DA:35,7
DA:36,3
DA:38,4
DA:39,1
DA:41,3
DA:43,4
DA:44,2
DA:46,2
DA:47,1
DA:49,1
DA:51,9
DA:52,3
DA:54,6
DA:55,3
DA:57,3
DA:59,1
DA:64,120
DA:68,38
DA:70,17
DA:71,3
DA:72,3
DA:74,14
DA:75,2
DA:76,2
DA:78,12
DA:80,7
DA:81,1
DA:82,1
DA:84,6
DA:85,3
DA:86,3
DA:88,3
DA:90,4
DA:91,1
DA:92,1
DA:94,3
DA:95,1
DA:96,1
DA:98,2
DA:100,9
DA:101,3
DA:102,3
DA:104,6
DA:105,3
DA:106,3
DA:108,3
DA:110,1
DA:115,25
DA:119,32
LF:65
LH:65
BRDA:25,0,0,17
BRDA:25,0,1,7
BRDA:25,0,2,4
BRDA:25,0,3,9
BRDA:25,0,4,1
BRDA:27,1,0,12
BRDA:27,1,1,5
BRDA:30,2,0,3
BRDA:30,2,1,2
BRDA:35,3,0,3
BRDA:35,3,1,4
BRDA:38,4,0,1
BRDA:38,4,1,3
BRDA:43,5,0,2
BRDA:43,5,1,2
BRDA:46,6,0,1
BRDA:46,6,1,1
BRDA:51,7,0,3
BRDA:51,7,1,6
BRDA:54,8,0,3
BRDA:54,8,1,3
BRDA:68,9,0,17
BRDA:68,9,1,7
BRDA:68,9,2,4
BRDA:68,9,3,9
BRDA:68,9,4,1
BRDA:70,10,0,3
BRDA:70,10,1,14
BRDA:74,11,0,2
BRDA:74,11,1,12
BRDA:80,12,0,1
BRDA:80,12,1,6
BRDA:84,13,0,3
BRDA:84,13,1,3
BRDA:90,14,0,1
BRDA:90,14,1,3
BRDA:94,15,0,1
BRDA:94,15,1,2
BRDA:100,16,0,3
BRDA:100,16,1,6
BRDA:104,17,0,3
BRDA:104,17,1,3
BRF:42
BRH:42
end_of_record
TN:
SF:scripts/models/treasure.js
FN:11,(anonymous_0)
FN:20,(anonymous_1)
FN:28,(anonymous_2)
FNF:3
FNH:3
FNDA:10,(anonymous_0)
FNDA:7,(anonymous_1)
FNDA:3,(anonymous_2)
DA:12,10
DA:13,10
DA:14,10
DA:21,7
DA:29,3
LF:5
LH:5
BRDA:21,0,0,7
BRDA:21,0,1,0
BRF:2
BRH:1
end_of_record
TN:
SF:scripts/utils/handleChangeFile.js
FN:8,(anonymous_0)
FN:18,(anonymous_1)
FNF:2
FNH:2
FNDA:2,(anonymous_0)
FNDA:1,(anonymous_1)
DA:8,1
DA:9,2
DA:10,2
DA:12,2
DA:13,1
DA:14,1
DA:16,1
DA:18,1
DA:19,1
DA:21,1
DA:22,1
DA:23,1
DA:24,1
DA:26,0
DA:30,1
LF:15
LH:14
BRDA:12,0,0,1
BRDA:12,0,1,1
BRDA:12,1,0,2
BRDA:12,1,1,2
BRF:4
BRH:4
end_of_record
TN:
SF:scripts/utils/validation.js
FN:4,(anonymous_0)
FN:17,(anonymous_1)
FN:30,(anonymous_2)
FN:34,(anonymous_3)
FN:39,(anonymous_4)
FN:42,(anonymous_5)
FN:53,(anonymous_6)
FN:64,(anonymous_7)
FN:76,(anonymous_8)
FNF:9
FNH:9
FNDA:44,(anonymous_0)
FNDA:90,(anonymous_1)
FNDA:16,(anonymous_2)
FNDA:14,(anonymous_3)
FNDA:54,(anonymous_4)
FNDA:19,(anonymous_5)
FNDA:15,(anonymous_6)
FNDA:18,(anonymous_7)
FNDA:18,(anonymous_8)
DA:1,4
DA:2,4
DA:4,4
DA:5,44
DA:6,3
DA:9,41
DA:11,41
DA:12,36
DA:14,5
DA:17,4
DA:18,90
DA:19,2
DA:22,88
DA:24,88
DA:25,83
DA:27,5
DA:30,4
DA:31,16
DA:34,4
DA:35,14
DA:36,1
DA:39,54
DA:42,4
DA:43,19
DA:48,12
DA:50,7
DA:53,4
DA:54,15
DA:59,11
DA:61,4
DA:64,4
DA:65,18
DA:71,12
DA:73,6
DA:76,4
DA:77,18
DA:85,13
DA:87,5
LF:38
LH:38
BRDA:5,0,0,3
BRDA:5,0,1,41
BRDA:11,1,0,36
BRDA:11,1,1,5
BRDA:11,2,0,41
BRDA:11,2,1,40
BRDA:18,3,0,2
BRDA:18,3,1,88
BRDA:24,4,0,83
BRDA:24,4,1,5
BRDA:24,5,0,88
BRDA:24,5,1,86
BRDA:35,6,0,1
BRDA:35,6,1,13
BRDA:43,7,0,12
BRDA:43,7,1,7
BRDA:44,8,0,19
BRDA:44,8,1,18
BRDA:44,8,2,12
BRDA:54,9,0,11
BRDA:54,9,1,4
BRDA:55,10,0,15
BRDA:55,10,1,14
BRDA:55,10,2,11
BRDA:65,11,0,12
BRDA:65,11,1,6
BRDA:66,12,0,18
BRDA:66,12,1,17
BRDA:66,12,2,14
BRDA:66,12,3,14
BRDA:77,13,0,13
BRDA:77,13,1,5
BRDA:78,14,0,18
BRDA:78,14,1,17
BRDA:78,14,2,17
BRDA:78,14,3,17
BRDA:78,14,4,16
BRDA:78,14,5,14
BRF:38
BRH:38
end_of_record
